This is pdfTeX, Version 3.141592653-2.6-1.40.27 (TeX Live 2025) (preloaded format=pdflatex 2025.3.8)  13 JUN 2025 02:51
entering extended mode
 restricted \write18 enabled.
 file:line:error style messages enabled.
 %&-line parsing enabled.
**"/Users/joshuaissa/Documents/Master's Thesis/ThesisMain"
(/Users/joshuaissa/Documents/Master's Thesis/ThesisMain.tex
LaTeX2e <2024-11-01> patch level 2
L3 programming layer <2025-01-18>
(/usr/local/texlive/2025/texmf-dist/tex/latex/base/book.cls
Document Class: book 2024/06/29 v1.4n Standard LaTeX document class
(/usr/local/texlive/2025/texmf-dist/tex/latex/base/bk12.clo
File: bk12.clo 2024/06/29 v1.4n Standard LaTeX file (size option)
)
\c@part=\count196
\c@chapter=\count197
\c@section=\count198
\c@subsection=\count199
\c@subsubsection=\count266
\c@paragraph=\count267
\c@subparagraph=\count268
\c@figure=\count269
\c@table=\count270
\abovecaptionskip=\skip49
\belowcaptionskip=\skip50
\bibindent=\dimen141
) (./macros/style.tex (/usr/local/texlive/2025/texmf-dist/tex/latex/geometry/geometry.sty
Package: geometry 2020/01/02 v5.9 Page Geometry
 (/usr/local/texlive/2025/texmf-dist/tex/latex/graphics/keyval.sty
Package: keyval 2022/05/29 v1.15 key=value parser (DPC)
\KV@toks@=\toks17
) (/usr/local/texlive/2025/texmf-dist/tex/generic/iftex/ifvtex.sty
Package: ifvtex 2019/10/25 v1.7 ifvtex legacy package. Use iftex instead.
 (/usr/local/texlive/2025/texmf-dist/tex/generic/iftex/iftex.sty
Package: iftex 2024/12/12 v1.0g TeX engine tests
))
\Gm@cnth=\count271
\Gm@cntv=\count272
\c@Gm@tempcnt=\count273
\Gm@bindingoffset=\dimen142
\Gm@wd@mp=\dimen143
\Gm@odd@mp=\dimen144
\Gm@even@mp=\dimen145
\Gm@layoutwidth=\dimen146
\Gm@layoutheight=\dimen147
\Gm@layouthoffset=\dimen148
\Gm@layoutvoffset=\dimen149
\Gm@dimlist=\toks18
) (/usr/local/texlive/2025/texmf-dist/tex/latex/setspace/setspace.sty
Package: setspace 2022/12/04 v6.7b set line spacing
) (/usr/local/texlive/2025/texmf-dist/tex/latex/fancyhdr/fancyhdr.sty
Package: fancyhdr 2025/02/07 v5.2 Extensive control of page headers and footers
\f@nch@headwidth=\skip51
\f@nch@offset@elh=\skip52
\f@nch@offset@erh=\skip53
\f@nch@offset@olh=\skip54
\f@nch@offset@orh=\skip55
\f@nch@offset@elf=\skip56
\f@nch@offset@erf=\skip57
\f@nch@offset@olf=\skip58
\f@nch@offset@orf=\skip59
\f@nch@height=\skip60
\f@nch@footalignment=\skip61
\f@nch@widthL=\skip62
\f@nch@widthC=\skip63
\f@nch@widthR=\skip64
\@temptokenb=\toks19
) (/usr/local/texlive/2025/texmf-dist/tex/latex/tocloft/tocloft.sty
Package: tocloft 2017/08/31 v2.3i parameterised ToC, etc., typesetting
Package tocloft Info: The document has chapter divisions on input line 51.
\cftparskip=\skip65
\cftbeforetoctitleskip=\skip66
\cftaftertoctitleskip=\skip67
\cftbeforepartskip=\skip68
\cftpartnumwidth=\skip69
\cftpartindent=\skip70
\cftbeforechapskip=\skip71
\cftchapindent=\skip72
\cftchapnumwidth=\skip73
\cftbeforesecskip=\skip74
\cftsecindent=\skip75
\cftsecnumwidth=\skip76
\cftbeforesubsecskip=\skip77
\cftsubsecindent=\skip78
\cftsubsecnumwidth=\skip79
\cftbeforesubsubsecskip=\skip80
\cftsubsubsecindent=\skip81
\cftsubsubsecnumwidth=\skip82
\cftbeforeparaskip=\skip83
\cftparaindent=\skip84
\cftparanumwidth=\skip85
\cftbeforesubparaskip=\skip86
\cftsubparaindent=\skip87
\cftsubparanumwidth=\skip88
\cftbeforeloftitleskip=\skip89
\cftafterloftitleskip=\skip90
\cftbeforefigskip=\skip91
\cftfigindent=\skip92
\cftfignumwidth=\skip93
\c@lofdepth=\count274
\c@lotdepth=\count275
\cftbeforelottitleskip=\skip94
\cftafterlottitleskip=\skip95
\cftbeforetabskip=\skip96
\cfttabindent=\skip97
\cfttabnumwidth=\skip98
)) (./macros/use_packages.tex (/usr/local/texlive/2025/texmf-dist/tex/latex/natbib/natbib.sty
Package: natbib 2010/09/13 8.31b (PWD, AO)
\bibhang=\skip99
\bibsep=\skip100
LaTeX Info: Redefining \cite on input line 694.
\c@NAT@ctr=\count276
) (/usr/local/texlive/2025/texmf-dist/tex/latex/tools/dcolumn.sty
Package: dcolumn 2023/07/08 v1.06 decimal alignment package (DPC)
 (/usr/local/texlive/2025/texmf-dist/tex/latex/tools/array.sty
Package: array 2024/10/17 v2.6g Tabular extension package (FMi)
\col@sep=\dimen150
\ar@mcellbox=\box52
\extrarowheight=\dimen151
\NC@list=\toks20
\extratabsurround=\skip101
\backup@length=\skip102
\ar@cellbox=\box53
)) (/usr/local/texlive/2025/texmf-dist/tex/latex/tools/longtable.sty
Package: longtable 2024-10-27 v4.22 Multi-page Table package (DPC)
\LTleft=\skip103
\LTright=\skip104
\LTpre=\skip105
\LTpost=\skip106
\LTchunksize=\count277
\LTcapwidth=\dimen152
\LT@head=\box54
\LT@firsthead=\box55
\LT@foot=\box56
\LT@lastfoot=\box57
\LT@gbox=\box58
\LT@cols=\count278
\LT@rows=\count279
\c@LT@tables=\count280
\c@LT@chunks=\count281
\LT@p@ftn=\toks21
) (/usr/local/texlive/2025/texmf-dist/tex/latex/pdflscape/pdflscape.sty
Package: pdflscape 2022-10-27 v0.13 Display of landscape pages in PDF
 (/usr/local/texlive/2025/texmf-dist/tex/latex/pdflscape/pdflscape-nometadata.sty
Package: pdflscape-nometadata 2022-10-28 v0.13 Display of landscape pages in PDF (HO)
 (/usr/local/texlive/2025/texmf-dist/tex/latex/graphics/lscape.sty
Package: lscape 2020/05/28 v3.02 Landscape Pages (DPC)
 (/usr/local/texlive/2025/texmf-dist/tex/latex/graphics/graphics.sty
Package: graphics 2024/08/06 v1.4g Standard LaTeX Graphics (DPC,SPQR)
 (/usr/local/texlive/2025/texmf-dist/tex/latex/graphics/trig.sty
Package: trig 2023/12/02 v1.11 sin cos tan (DPC)
) (/usr/local/texlive/2025/texmf-dist/tex/latex/graphics-cfg/graphics.cfg
File: graphics.cfg 2016/06/04 v1.11 sample graphics configuration
)
Package graphics Info: Driver file: pdftex.def on input line 106.
 (/usr/local/texlive/2025/texmf-dist/tex/latex/graphics-def/pdftex.def
File: pdftex.def 2024/04/13 v1.2c Graphics/color driver for pdftex
)))
Package pdflscape Info: Auto-detected driver: pdftex on input line 81.
)) (/usr/local/texlive/2025/texmf-dist/tex/latex/tools/afterpage.sty
Package: afterpage 2023/07/04 v1.08 After-Page Package (DPC)
\AP@output=\toks22
\AP@partial=\box59
\AP@footins=\box60
) (/usr/local/texlive/2025/texmf-dist/tex/latex/threeparttable/threeparttable.sty
Package: threeparttable 2003/06/13  v 3.0
\@tempboxb=\box61
) (/usr/local/texlive/2025/texmf-dist/tex/latex/multirow/multirow.sty
Package: multirow 2024/11/12 v2.9 Span multiple rows of a table
\multirow@colwidth=\skip107
\multirow@cntb=\count282
\multirow@dima=\skip108
\bigstrutjot=\dimen153
) (/usr/local/texlive/2025/texmf-dist/tex/latex/booktabs/booktabs.sty
Package: booktabs 2020/01/12 v1.61803398 Publication quality tables
\heavyrulewidth=\dimen154
\lightrulewidth=\dimen155
\cmidrulewidth=\dimen156
\belowrulesep=\dimen157
\belowbottomsep=\dimen158
\aboverulesep=\dimen159
\abovetopsep=\dimen160
\cmidrulesep=\dimen161
\cmidrulekern=\dimen162
\defaultaddspace=\dimen163
\@cmidla=\count283
\@cmidlb=\count284
\@aboverulesep=\dimen164
\@belowrulesep=\dimen165
\@thisruleclass=\count285
\@lastruleclass=\count286
\@thisrulewidth=\dimen166
) (/usr/local/texlive/2025/texmf-dist/tex/latex/tools/tabularx.sty
Package: tabularx 2023/12/11 v2.12a `tabularx' package (DPC)
\TX@col@width=\dimen167
\TX@old@table=\dimen168
\TX@old@col=\dimen169
\TX@target=\dimen170
\TX@delta=\dimen171
\TX@cols=\count287
\TX@ftn=\toks23
) (/usr/local/texlive/2025/texmf-dist/tex/latex/amsmath/amsmath.sty
Package: amsmath 2024/11/05 v2.17t AMS math features
\@mathmargin=\skip109

For additional information on amsmath, use the `?' option.
(/usr/local/texlive/2025/texmf-dist/tex/latex/amsmath/amstext.sty
Package: amstext 2021/08/26 v2.01 AMS text
 (/usr/local/texlive/2025/texmf-dist/tex/latex/amsmath/amsgen.sty
File: amsgen.sty 1999/11/30 v2.0 generic functions
\@emptytoks=\toks24
\ex@=\dimen172
)) (/usr/local/texlive/2025/texmf-dist/tex/latex/amsmath/amsbsy.sty
Package: amsbsy 1999/11/29 v1.2d Bold Symbols
\pmbraise@=\dimen173
) (/usr/local/texlive/2025/texmf-dist/tex/latex/amsmath/amsopn.sty
Package: amsopn 2022/04/08 v2.04 operator names
)
\inf@bad=\count288
LaTeX Info: Redefining \frac on input line 233.
\uproot@=\count289
\leftroot@=\count290
LaTeX Info: Redefining \overline on input line 398.
LaTeX Info: Redefining \colon on input line 409.
\classnum@=\count291
\DOTSCASE@=\count292
LaTeX Info: Redefining \ldots on input line 495.
LaTeX Info: Redefining \dots on input line 498.
LaTeX Info: Redefining \cdots on input line 619.
\Mathstrutbox@=\box62
\strutbox@=\box63
LaTeX Info: Redefining \big on input line 721.
LaTeX Info: Redefining \Big on input line 722.
LaTeX Info: Redefining \bigg on input line 723.
LaTeX Info: Redefining \Bigg on input line 724.
\big@size=\dimen174
LaTeX Font Info:    Redeclaring font encoding OML on input line 742.
LaTeX Font Info:    Redeclaring font encoding OMS on input line 743.
\macc@depth=\count293
LaTeX Info: Redefining \bmod on input line 904.
LaTeX Info: Redefining \pmod on input line 909.
LaTeX Info: Redefining \smash on input line 939.
LaTeX Info: Redefining \relbar on input line 969.
LaTeX Info: Redefining \Relbar on input line 970.
\c@MaxMatrixCols=\count294
\dotsspace@=\muskip17
\c@parentequation=\count295
\dspbrk@lvl=\count296
\tag@help=\toks25
\row@=\count297
\column@=\count298
\maxfields@=\count299
\andhelp@=\toks26
\eqnshift@=\dimen175
\alignsep@=\dimen176
\tagshift@=\dimen177
\tagwidth@=\dimen178
\totwidth@=\dimen179
\lineht@=\dimen180
\@envbody=\toks27
\multlinegap=\skip110
\multlinetaggap=\skip111
\mathdisplay@stack=\toks28
LaTeX Info: Redefining \[ on input line 2953.
LaTeX Info: Redefining \] on input line 2954.
) (/usr/local/texlive/2025/texmf-dist/tex/latex/amscls/amsthm.sty
Package: amsthm 2020/05/29 v2.20.6
\thm@style=\toks29
\thm@bodyfont=\toks30
\thm@headfont=\toks31
\thm@notefont=\toks32
\thm@headpunct=\toks33
\thm@preskip=\skip112
\thm@postskip=\skip113
\thm@headsep=\skip114
\dth@everypar=\toks34
) (/usr/local/texlive/2025/texmf-dist/tex/latex/amsfonts/amssymb.sty
Package: amssymb 2013/01/14 v3.01 AMS font symbols
 (/usr/local/texlive/2025/texmf-dist/tex/latex/amsfonts/amsfonts.sty
Package: amsfonts 2013/01/14 v3.01 Basic AMSFonts support
\symAMSa=\mathgroup4
\symAMSb=\mathgroup5
LaTeX Font Info:    Redeclaring math symbol \hbar on input line 98.
LaTeX Font Info:    Overwriting math alphabet `\mathfrak' in version `bold'
(Font)                  U/euf/m/n --> U/euf/b/n on input line 106.
)) (/usr/local/texlive/2025/texmf-dist/tex/latex/cases/cases.sty
Package: cases 2020/03/29 ver 3.2
\numc@numwid=\dimen181
) (/usr/local/texlive/2025/texmf-dist/tex/latex/carlisle/slashed.sty
Package: slashed 1997/01/16 v0.01 Feynman Slashed Character Notation (DPC)
) (/usr/local/texlive/2025/texmf-dist/tex/latex/jknapltx/mathrsfs.sty
Package: mathrsfs 1996/01/01 Math RSFS package v1.0 (jk)
\symrsfs=\mathgroup6
) (/usr/local/texlive/2025/texmf-dist/tex/latex/tools/xspace.sty
Package: xspace 2014/10/28 v1.13 Space after command names (DPC,MH)
) (/usr/local/texlive/2025/texmf-dist/tex/latex/textcase/textcase.sty
Package: textcase 2025/02/16 v1.05 Text only upper/lower case changing (DPC)
Package textcase Info: Defining Legacy names on input line 20.
) (/usr/local/texlive/2025/texmf-dist/tex/latex/moreverb/moreverb.sty
Package: moreverb 2008/06/03 v2.3a `more' verbatim facilities
 (/usr/local/texlive/2025/texmf-dist/tex/latex/tools/verbatim.sty
Package: verbatim 2024-01-22 v1.5x LaTeX2e package for verbatim enhancements
\every@verbatim=\toks35
\verbatim@line=\toks36
\verbatim@in@stream=\read2
)
\tab@position=\count300
\tab@size=\count301
\listing@line=\count302
) (/usr/local/texlive/2025/texmf-dist/tex/latex/wasysym/wasysym.sty
Package: wasysym 2020/01/19 v2.4 Wasy-2 symbol support package
\symwasy=\mathgroup7
LaTeX Font Info:    Overwriting symbol font `wasy' in version `bold'
(Font)                  U/wasy/m/n --> U/wasy/b/n on input line 93.
) (/usr/local/texlive/2025/texmf-dist/tex/latex/graphics/graphicx.sty
Package: graphicx 2021/09/16 v1.2d Enhanced LaTeX Graphics (DPC,SPQR)
\Gin@req@height=\dimen182
\Gin@req@width=\dimen183
) (/usr/local/texlive/2025/texmf-dist/tex/latex/boxedminipage/boxedminipage.sty
Package: boxedminipage 2020/04/19 v1.1 Boxed LaTeX2e minipages
\bmp@box=\box64
\bmp@width=\skip115
\bmp@height=\skip116
) (/usr/local/texlive/2025/texmf-dist/tex/generic/dvips/rotate.sty
\@rotdimen=\dimen184
\@rotbox=\box65
) (/usr/local/texlive/2025/texmf-dist/tex/latex/float/float.sty
Package: float 2001/11/08 v1.3d Float enhancements (AL)
\c@float@type=\count303
\float@exts=\toks37
\float@box=\box66
\@float@everytoks=\toks38
\@floatcapt=\box67
) (/usr/local/texlive/2025/texmf-dist/tex/latex/tools/layout.sty
Package: layout 2023-08-20 v1.2e Show layout parameters
\oneinch=\count304
\cnt@paperwidth=\count305
\cnt@paperheight=\count306
\cnt@hoffset=\count307
\cnt@voffset=\count308
\cnt@textheight=\count309
\cnt@textwidth=\count310
\cnt@topmargin=\count311
\cnt@oddsidemargin=\count312
\cnt@evensidemargin=\count313
\cnt@headheight=\count314
\cnt@headsep=\count315
\cnt@marginparsep=\count316
\cnt@marginparwidth=\count317
\cnt@marginparpush=\count318
\cnt@footskip=\count319
\fheight=\count320
\ref@top=\count321
\ref@hoffset=\count322
\ref@voffset=\count323
\ref@head=\count324
\ref@body=\count325
\ref@foot=\count326
\ref@margin=\count327
\ref@marginwidth=\count328
\ref@marginpar=\count329
\Interval=\count330
\ExtraYPos=\count331
\PositionX=\count332
\PositionY=\count333
\ArrowLength=\count334
) (/usr/local/texlive/2025/texmf-dist/tex/latex/changebar/changebar.sty
Package: changebar 2024/07/17 v3.7e Indicate changes with marginal bars
\cb@nextpoint=\count335
\cb@topleft=\count336
\cb@topright=\count337
\cb@botleft=\count338
\cb@botright=\count339
\cb@cnta=\count340
\cb@cntb=\count341
\cb@dima=\dimen185
\cb@curbarwd=\dimen186
\cb@page=\count342
\cb@pagecount=\count343
\cb@odd@left=\dimen187
\cb@odd@right=\dimen188
\cb@even@left=\dimen189
\cb@even@right=\dimen190
\cb@writexy=\write3
\cb@readxy=\read3
\openout3 = `ThesisMain.cb2'.

\changebarwidth=\skip117
\deletebarwidth=\skip118
\changebarsep=\skip119
\c@changebargrey=\count344
\cb@write=\write4
\cb@read=\read4
\openout4 = `ThesisMain.cb'.

) (/usr/local/texlive/2025/texmf-dist/tex/latex/pdfpages/pdfpages.sty
Package: pdfpages 2025/01/30 v0.6e Insert pages of external PDF documents (AM)
 (/usr/local/texlive/2025/texmf-dist/tex/latex/base/ifthen.sty
Package: ifthen 2024/03/16 v1.1e Standard LaTeX ifthen package (DPC)
) (/usr/local/texlive/2025/texmf-dist/tex/latex/tools/calc.sty
Package: calc 2023/07/08 v4.3 Infix arithmetic (KKT,FJ)
\calc@Acount=\count345
\calc@Bcount=\count346
\calc@Adimen=\dimen191
\calc@Bdimen=\dimen192
\calc@Askip=\skip120
\calc@Bskip=\skip121
LaTeX Info: Redefining \setlength on input line 80.
LaTeX Info: Redefining \addtolength on input line 81.
\calc@Ccount=\count347
\calc@Cskip=\skip122
) (/usr/local/texlive/2025/texmf-dist/tex/latex/eso-pic/eso-pic.sty
Package: eso-pic 2023/05/03 v3.0c eso-pic (RN)
\ESO@tempdima=\dimen193
\ESO@tempdimb=\dimen194
 (/usr/local/texlive/2025/texmf-dist/tex/latex/xcolor/xcolor.sty
Package: xcolor 2024/09/29 v3.02 LaTeX color extensions (UK)
 (/usr/local/texlive/2025/texmf-dist/tex/latex/graphics-cfg/color.cfg
File: color.cfg 2016/01/02 v1.6 sample color configuration
)
Package xcolor Info: Driver file: pdftex.def on input line 274.
 (/usr/local/texlive/2025/texmf-dist/tex/latex/graphics/mathcolor.ltx)
Package xcolor Info: Model `cmy' substituted by `cmy0' on input line 1349.
Package xcolor Info: Model `hsb' substituted by `rgb' on input line 1353.
Package xcolor Info: Model `RGB' extended on input line 1365.
Package xcolor Info: Model `HTML' substituted by `rgb' on input line 1367.
Package xcolor Info: Model `Hsb' substituted by `hsb' on input line 1368.
Package xcolor Info: Model `tHsb' substituted by `hsb' on input line 1369.
Package xcolor Info: Model `HSB' substituted by `hsb' on input line 1370.
Package xcolor Info: Model `Gray' substituted by `gray' on input line 1371.
Package xcolor Info: Model `wave' substituted by `hsb' on input line 1372.
)) (/usr/local/texlive/2025/texmf-dist/tex/latex/etoolbox/etoolbox.sty
Package: etoolbox 2025/02/11 v2.5l e-TeX tools for LaTeX (JAW)
\etb@tempcnta=\count348
)
\AM@pagewidth=\dimen195
\AM@pageheight=\dimen196
\AM@fboxrule=\dimen197
 (/usr/local/texlive/2025/texmf-dist/tex/latex/pdfpages/pppdftex.def
File: pppdftex.def 2025/01/30 v0.6e Pdfpages driver for pdfTeX (AM)
)
\pdfpages@includegraphics@status=\count349
\AM@pagebox=\box68
\AM@global@opts=\toks39
\AM@pagecnt=\count350
\AM@toc@title=\toks40
\AM@lof@heading=\toks41
\c@AM@survey=\count351
\AM@templatesizebox=\box69
) (/usr/local/texlive/2025/texmf-dist/tex/latex/adjustbox/adjustbox.sty
Package: adjustbox 2025/02/26 v1.3c Adjusting TeX boxes (trim, clip, ...)
 (/usr/local/texlive/2025/texmf-dist/tex/latex/xkeyval/xkeyval.sty
Package: xkeyval 2022/06/16 v2.9 package option processing (HA)
 (/usr/local/texlive/2025/texmf-dist/tex/generic/xkeyval/xkeyval.tex (/usr/local/texlive/2025/texmf-dist/tex/generic/xkeyval/xkvutils.tex
\XKV@toks=\toks42
\XKV@tempa@toks=\toks43
)
\XKV@depth=\count352
File: xkeyval.tex 2014/12/03 v2.7a key=value parser (HA)
)) (/usr/local/texlive/2025/texmf-dist/tex/latex/adjustbox/adjcalc.sty
Package: adjcalc 2012/05/16 v1.1 Provides advanced setlength with multiple back-ends (calc, etex, pgfmath)
) (/usr/local/texlive/2025/texmf-dist/tex/latex/adjustbox/trimclip.sty
Package: trimclip 2025/02/21 v1.2a Trim and clip general TeX material
 (/usr/local/texlive/2025/texmf-dist/tex/latex/collectbox/collectbox.sty
Package: collectbox 2022/10/17 v0.4c Collect macro arguments as boxes
\collectedbox=\box70
)
\tc@llx=\dimen198
\tc@lly=\dimen199
\tc@urx=\dimen256
\tc@ury=\dimen257
Package trimclip Info: Using driver 'tc-pdftex.def'.
 (/usr/local/texlive/2025/texmf-dist/tex/latex/adjustbox/tc-pdftex.def
File: tc-pdftex.def 2025/02/26 v2.3 Clipping driver for pdftex
))
\adjbox@Width=\dimen258
\adjbox@Height=\dimen259
\adjbox@Depth=\dimen260
\adjbox@Totalheight=\dimen261
\adjbox@pwidth=\dimen262
\adjbox@pheight=\dimen263
\adjbox@pdepth=\dimen264
\adjbox@ptotalheight=\dimen265
 (/usr/local/texlive/2025/texmf-dist/tex/latex/ifoddpage/ifoddpage.sty
Package: ifoddpage 2022/10/18 v1.2 Conditionals for odd/even page detection
\c@checkoddpage=\count353
) (/usr/local/texlive/2025/texmf-dist/tex/latex/varwidth/varwidth.sty
Package: varwidth 2009/03/30 ver 0.92;  Variable-width minipages
\@vwid@box=\box71
\sift@deathcycles=\count354
\@vwid@loff=\dimen266
\@vwid@roff=\dimen267
)) (/usr/local/texlive/2025/texmf-dist/tex/latex/notoccite/notoccite.sty
Package: notoccite 2000/07/20
) (/usr/local/texlive/2025/texmf-dist/tex/latex/caption/caption.sty
Package: caption 2023/08/05 v3.6o Customizing captions (AR)
 (/usr/local/texlive/2025/texmf-dist/tex/latex/caption/caption3.sty
Package: caption3 2023/07/31 v2.4d caption3 kernel (AR)
\caption@tempdima=\dimen268
\captionmargin=\dimen269
\caption@leftmargin=\dimen270
\caption@rightmargin=\dimen271
\caption@width=\dimen272
\caption@indent=\dimen273
\caption@parindent=\dimen274
\caption@hangindent=\dimen275
Package caption Info: Standard document class detected.
)
\c@caption@flags=\count355
\c@continuedfloat=\count356
Package caption Info: float package is loaded.
Package caption Info: longtable package is loaded.
 (/usr/local/texlive/2025/texmf-dist/tex/latex/caption/ltcaption.sty
Package: ltcaption 2021/01/08 v1.4c longtable captions (AR)
)
Package caption Info: threeparttable package is loaded.
) (/usr/local/texlive/2025/texmf-dist/tex/latex/caption/subcaption.sty
Package: subcaption 2023/07/28 v1.6b Sub-captions (AR)
Package caption Info: New subtype `subfigure' on input line 238.
\c@subfigure=\count357
Package caption Info: New subtype `subtable' on input line 238.
\c@subtable=\count358
) (/usr/local/texlive/2025/texmf-dist/tex/latex/tools/varioref.sty
Package: varioref 2024/05/23 v1.6g package for extended references (FMi)
\c@vrcnt=\count359
) (/usr/local/texlive/2025/texmf-dist/tex/latex/url/url.sty
\Urlmuskip=\muskip18
Package: url 2013/09/16  ver 3.4  Verb mode for urls, etc.
) (/usr/local/texlive/2025/texmf-dist/tex/latex/sectsty/sectsty.sty
Package: sectsty 2002/02/25 v2.0.2 Commands to change all sectional heading styles


LaTeX Warning: Command \underbar  has changed.
               Check if current package is valid.


LaTeX Warning: Command \underline  has changed.
               Check if current package is valid.

) (/usr/local/texlive/2025/texmf-dist/tex/latex/hyperref/hyperref.sty
Package: hyperref 2024-11-05 v7.01l Hypertext links for LaTeX
 (/usr/local/texlive/2025/texmf-dist/tex/latex/kvsetkeys/kvsetkeys.sty
Package: kvsetkeys 2022-10-05 v1.19 Key value parser (HO)
) (/usr/local/texlive/2025/texmf-dist/tex/generic/kvdefinekeys/kvdefinekeys.sty
Package: kvdefinekeys 2019-12-19 v1.6 Define keys (HO)
) (/usr/local/texlive/2025/texmf-dist/tex/generic/pdfescape/pdfescape.sty
Package: pdfescape 2019/12/09 v1.15 Implements pdfTeX's escape features (HO)
 (/usr/local/texlive/2025/texmf-dist/tex/generic/ltxcmds/ltxcmds.sty
Package: ltxcmds 2023-12-04 v1.26 LaTeX kernel commands for general use (HO)
) (/usr/local/texlive/2025/texmf-dist/tex/generic/pdftexcmds/pdftexcmds.sty
Package: pdftexcmds 2020-06-27 v0.33 Utility functions of pdfTeX for LuaTeX (HO)
 (/usr/local/texlive/2025/texmf-dist/tex/generic/infwarerr/infwarerr.sty
Package: infwarerr 2019/12/03 v1.5 Providing info/warning/error messages (HO)
)
Package pdftexcmds Info: \pdf@primitive is available.
Package pdftexcmds Info: \pdf@ifprimitive is available.
Package pdftexcmds Info: \pdfdraftmode found.
)) (/usr/local/texlive/2025/texmf-dist/tex/latex/hycolor/hycolor.sty
Package: hycolor 2020-01-27 v1.10 Color options for hyperref/bookmark (HO)
) (/usr/local/texlive/2025/texmf-dist/tex/latex/hyperref/nameref.sty
Package: nameref 2023-11-26 v2.56 Cross-referencing by name of section
 (/usr/local/texlive/2025/texmf-dist/tex/latex/refcount/refcount.sty
Package: refcount 2019/12/15 v3.6 Data extraction from label references (HO)
) (/usr/local/texlive/2025/texmf-dist/tex/generic/gettitlestring/gettitlestring.sty
Package: gettitlestring 2019/12/15 v1.6 Cleanup title references (HO)
 (/usr/local/texlive/2025/texmf-dist/tex/latex/kvoptions/kvoptions.sty
Package: kvoptions 2022-06-15 v3.15 Key value format for package options (HO)
))
\c@section@level=\count360
) (/usr/local/texlive/2025/texmf-dist/tex/generic/stringenc/stringenc.sty
Package: stringenc 2019/11/29 v1.12 Convert strings between diff. encodings (HO)
)
\@linkdim=\dimen276
\Hy@linkcounter=\count361
\Hy@pagecounter=\count362
 (/usr/local/texlive/2025/texmf-dist/tex/latex/hyperref/pd1enc.def
File: pd1enc.def 2024-11-05 v7.01l Hyperref: PDFDocEncoding definition (HO)
Now handling font encoding PD1 ...
... no UTF-8 mapping file for font encoding PD1
) (/usr/local/texlive/2025/texmf-dist/tex/generic/intcalc/intcalc.sty
Package: intcalc 2019/12/15 v1.3 Expandable calculations with integers (HO)
)
\Hy@SavedSpaceFactor=\count363
 (/usr/local/texlive/2025/texmf-dist/tex/latex/hyperref/puenc.def
File: puenc.def 2024-11-05 v7.01l Hyperref: PDF Unicode definition (HO)
Now handling font encoding PU ...
... no UTF-8 mapping file for font encoding PU
)
Package hyperref Info: Hyper figures OFF on input line 4157.
Package hyperref Info: Link nesting OFF on input line 4162.
Package hyperref Info: Hyper index ON on input line 4165.
Package hyperref Info: Plain pages OFF on input line 4172.
Package hyperref Info: Backreferencing OFF on input line 4177.
Package hyperref Info: Implicit mode ON; LaTeX internals redefined.
Package hyperref Info: Bookmarks ON on input line 4424.
\c@Hy@tempcnt=\count364
LaTeX Info: Redefining \url on input line 4763.
\XeTeXLinkMargin=\dimen277
 (/usr/local/texlive/2025/texmf-dist/tex/generic/bitset/bitset.sty
Package: bitset 2019/12/09 v1.3 Handle bit-vector datatype (HO)
 (/usr/local/texlive/2025/texmf-dist/tex/generic/bigintcalc/bigintcalc.sty
Package: bigintcalc 2019/12/15 v1.5 Expandable calculations on big integers (HO)
))
\Fld@menulength=\count365
\Field@Width=\dimen278
\Fld@charsize=\dimen279
Package hyperref Info: Hyper figures OFF on input line 6042.
Package hyperref Info: Link nesting OFF on input line 6047.
Package hyperref Info: Hyper index ON on input line 6050.
Package hyperref Info: backreferencing OFF on input line 6057.
Package hyperref Info: Link coloring OFF on input line 6062.
Package hyperref Info: Link coloring with OCG OFF on input line 6067.
Package hyperref Info: PDF/A mode OFF on input line 6072.
 (/usr/local/texlive/2025/texmf-dist/tex/latex/base/atbegshi-ltx.sty
Package: atbegshi-ltx 2021/01/10 v1.0c Emulation of the original atbegshi
package with kernel methods
)
\Hy@abspage=\count366
\c@Item=\count367
\c@Hfootnote=\count368
)
Package hyperref Info: Driver (autodetected): hpdftex.
 (/usr/local/texlive/2025/texmf-dist/tex/latex/hyperref/hpdftex.def
File: hpdftex.def 2024-11-05 v7.01l Hyperref driver for pdfTeX
 (/usr/local/texlive/2025/texmf-dist/tex/latex/base/atveryend-ltx.sty
Package: atveryend-ltx 2020/08/19 v1.0a Emulation of the original atveryend package
with kernel methods
)
\Fld@listcount=\count369
\c@bookmark@seq@number=\count370
 (/usr/local/texlive/2025/texmf-dist/tex/latex/rerunfilecheck/rerunfilecheck.sty
Package: rerunfilecheck 2022-07-10 v1.10 Rerun checks for auxiliary files (HO)
 (/usr/local/texlive/2025/texmf-dist/tex/generic/uniquecounter/uniquecounter.sty
Package: uniquecounter 2019/12/15 v1.4 Provide unlimited unique counter (HO)
)
Package uniquecounter Info: New unique counter `rerunfilecheck' on input line 285.
)
\Hy@SectionHShift=\skip123
)
Package hyperref Info: Option `colorlinks' set `true' on input line 141.
Package hyperref Info: Option `linktocpage' set `true' on input line 141.
) (/usr/local/texlive/2025/texmf-dist/tex/latex/cleveref/cleveref.sty
Package: cleveref 2018/03/27 v0.21.4 Intelligent cross-referencing
Package cleveref Info: `hyperref' support loaded on input line 2370.
LaTeX Info: Redefining \cref on input line 2370.
LaTeX Info: Redefining \Cref on input line 2370.
LaTeX Info: Redefining \crefrange on input line 2370.
LaTeX Info: Redefining \Crefrange on input line 2370.
LaTeX Info: Redefining \cpageref on input line 2370.
LaTeX Info: Redefining \Cpageref on input line 2370.
LaTeX Info: Redefining \cpagerefrange on input line 2370.
LaTeX Info: Redefining \Cpagerefrange on input line 2370.
LaTeX Info: Redefining \labelcref on input line 2370.
LaTeX Info: Redefining \labelcpageref on input line 2370.
Package cleveref Info: `varioref' support loaded on input line 2605.
Package cleveref Info: `cleveref' supersedes `varioref's \labelformatcommand on input line 2605.
LaTeX Info: Redefining \vref on input line 2605.
LaTeX Info: Redefining \Vref on input line 2605.
LaTeX Info: Redefining \vrefrange on input line 2605.
LaTeX Info: Redefining \fullref on input line 2605.
Package cleveref Info: `amsthm' support loaded on input line 3026.
) (/usr/local/texlive/2025/texmf-dist/tex/latex/base/inputenc.sty
Package: inputenc 2024/02/08 v1.3d Input encoding file
\inpenc@prehook=\toks44
\inpenc@posthook=\toks45
) (/usr/local/texlive/2025/texmf-dist/tex/latex/base/fontenc.sty
Package: fontenc 2021/04/29 v2.0v Standard LaTeX package
) (/usr/local/texlive/2025/texmf-dist/tex/latex/tipa/tipa.sty
Package: tipa 2002/08/08 TIPA version 1.1
 (/usr/local/texlive/2025/texmf-dist/tex/latex/base/fontenc.sty
Package: fontenc 2021/04/29 v2.0v Standard LaTeX package
 (/usr/local/texlive/2025/texmf-dist/tex/latex/tipa/t3enc.def
File: t3enc.def 2001/12/31 T3 encoding
Now handling font encoding T3 ...
... no UTF-8 mapping file for font encoding T3
))) (/usr/local/texlive/2025/texmf-dist/tex/latex/accents/accents.sty
Package: accents 2006/05/12 v1.4 Math Accent Tools
\cc@skew=\dimen280
\cc@wd=\dimen281
\cc@code=\count371
\cc@group=\count372
\cc@skewchar=\count373
) (/usr/local/texlive/2025/texmf-dist/tex/latex/newunicodechar/newunicodechar.sty
Package: newunicodechar 2018/04/08 v1.2 Defining Unicode characters
) (/usr/local/texlive/2025/texmf-dist/tex/latex/l3backend/l3backend-pdftex.def
File: l3backend-pdftex.def 2024-05-08 L3 backend support: PDF output (pdfTeX)
\l__color_backend_stack_int=\count374
\l__pdf_internal_box=\box72
) (./ThesisMain.aux (./chapters/1/chapter_intro.aux) (./chapters/2/chapter_paper.aux) (./chapters/3/chapter_further.aux) (./chapters/4/chapter_conclusion.aux))
\openout1 = `ThesisMain.aux'.

LaTeX Font Info:    Checking defaults for OML/cmm/m/it on input line 25.
LaTeX Font Info:    ... okay on input line 25.
LaTeX Font Info:    Checking defaults for OMS/cmsy/m/n on input line 25.
LaTeX Font Info:    ... okay on input line 25.
LaTeX Font Info:    Checking defaults for OT1/cmr/m/n on input line 25.
LaTeX Font Info:    ... okay on input line 25.
LaTeX Font Info:    Checking defaults for T1/cmr/m/n on input line 25.
LaTeX Font Info:    ... okay on input line 25.
LaTeX Font Info:    Checking defaults for TS1/cmr/m/n on input line 25.
LaTeX Font Info:    ... okay on input line 25.
LaTeX Font Info:    Checking defaults for OMX/cmex/m/n on input line 25.
LaTeX Font Info:    ... okay on input line 25.
LaTeX Font Info:    Checking defaults for U/cmr/m/n on input line 25.
LaTeX Font Info:    ... okay on input line 25.
LaTeX Font Info:    Checking defaults for PD1/pdf/m/n on input line 25.
LaTeX Font Info:    ... okay on input line 25.
LaTeX Font Info:    Checking defaults for PU/pdf/m/n on input line 25.
LaTeX Font Info:    ... okay on input line 25.
LaTeX Font Info:    Checking defaults for T3/cmr/m/n on input line 25.
LaTeX Font Info:    Trying to load font information for T3+cmr on input line 25.
 (/usr/local/texlive/2025/texmf-dist/tex/latex/tipa/t3cmr.fd
File: t3cmr.fd 2001/12/31 TIPA font definitions
)
LaTeX Font Info:    ... okay on input line 25.

*geometry* driver: auto-detecting
*geometry* detected driver: pdftex
*geometry* verbose mode - [ preamble ] result:
* driver: pdftex
* paper: <default>
* layout: <same size as paper>
* layoutoffset:(h,v)=(0.0pt,0.0pt)
* modes: 
* h-part:(L,W,R)=(72.26999pt, 469.75502pt, 72.26999pt)
* v-part:(T,H,B)=(93.95122pt, 628.74878pt, 72.26999pt)
* \paperwidth=614.295pt
* \paperheight=794.96999pt
* \textwidth=469.75502pt
* \textheight=628.74878pt
* \oddsidemargin=0.0pt
* \evensidemargin=0.0pt
* \topmargin=-26.45377pt
* \headheight=14.5pt
* \headsep=36.135pt
* \topskip=12.0pt
* \footskip=30.0pt
* \marginparwidth=47.0pt
* \marginparsep=7.0pt
* \columnsep=10.0pt
* \skip\footins=10.8pt plus 4.0pt minus 2.0pt
* \hoffset=0.0pt
* \voffset=0.0pt
* \mag=1000
* \@twocolumnfalse
* \@twosidefalse
* \@mparswitchfalse
* \@reversemarginfalse
* (1in=72.27pt=25.4mm, 1cm=28.453pt)

(/usr/local/texlive/2025/texmf-dist/tex/context/base/mkii/supp-pdf.mkii
[Loading MPS to PDF converter (version 2006.09.02).]
\scratchcounter=\count375
\scratchdimen=\dimen282
\scratchbox=\box73
\nofMPsegments=\count376
\nofMParguments=\count377
\everyMPshowfont=\toks46
\MPscratchCnt=\count378
\MPscratchDim=\dimen283
\MPnumerator=\count379
\makeMPintoPDFobject=\count380
\everyMPtoPDFconversion=\toks47
) (/usr/local/texlive/2025/texmf-dist/tex/latex/epstopdf-pkg/epstopdf-base.sty
Package: epstopdf-base 2020-01-24 v2.11 Base part for package epstopdf
Package epstopdf-base Info: Redefining graphics rule for `.eps' on input line 485.
 (/usr/local/texlive/2025/texmf-dist/tex/latex/latexconfig/epstopdf-sys.cfg
File: epstopdf-sys.cfg 2010/07/13 v1.3 Configuration of (r)epstopdf for TeX Live
))
Package caption Info: Begin \AtBeginDocument code.
Package caption Info: hyperref package is loaded.
Package caption Info: End \AtBeginDocument code.
Package hyperref Info: Link coloring ON on input line 25.
 (./ThesisMain.out) (./ThesisMain.out)
\@outlinefile=\write5
\openout5 = `ThesisMain.out'.

 (./macros/masterssetup.tex) (./frontmatter/setup.tex (./frontmatter/titlepage.tex) (./frontmatter/committee.tex

[1

{/usr/local/texlive/2025/texmf-var/fonts/map/pdftex/updmap/pdftex.map}{/usr/local/texlive/2025/texmf-dist/fonts/enc/dvips/cm-super/cm-super-t1.enc}{/usr/local/texlive/2025/texmf-dist/fonts/enc/dvips/cm-super/cm-super-ts1.enc}]
Underfull \hbox (badness 10000) in paragraph at lines 16--19

 []


Underfull \hbox (badness 10000) in paragraph at lines 16--19

 []


Underfull \hbox (badness 10000) in paragraph at lines 16--19

 []

)

[2] (./frontmatter/abstract.tex
LaTeX Font Info:    Trying to load font information for U+msa on input line 6.
 (/usr/local/texlive/2025/texmf-dist/tex/latex/amsfonts/umsa.fd
File: umsa.fd 2013/01/14 v3.01 AMS symbols A
)
LaTeX Font Info:    Trying to load font information for U+msb on input line 6.
 (/usr/local/texlive/2025/texmf-dist/tex/latex/amsfonts/umsb.fd
File: umsb.fd 2013/01/14 v3.01 AMS symbols B
)
LaTeX Font Info:    Trying to load font information for U+rsfs on input line 6.
 (/usr/local/texlive/2025/texmf-dist/tex/latex/jknapltx/ursfs.fd
File: ursfs.fd 1998/03/24 rsfs font definition file (jk)
)
LaTeX Font Info:    Trying to load font information for U+wasy on input line 6.
 (/usr/local/texlive/2025/texmf-dist/tex/latex/wasysym/uwasy.fd
File: uwasy.fd 2020/01/19 v2.4 Wasy-2 symbol font definitions
))

[3] (./ThesisMain.toc

[4])
\tf@toc=\write6
\openout6 = `ThesisMain.toc'.



[5] (./ThesisMain.lot
Overfull \hbox (4.37682pt too wide) in paragraph at lines 4--4
 [][] []\T1/cmr/m/n/12 Reactions cor-re-lated with the pro-duc-tion/destruction of an iso-tope unique 
 []


Overfull \hbox (3.46317pt too wide) in paragraph at lines 5--5
 [][] []\T1/cmr/m/n/12 Reactions cor-re-lated with the pro-duc-tion/destruction of an iso-tope shared 
 []

)
\tf@lot=\write7
\openout7 = `ThesisMain.lot'.



[6] (./ThesisMain.lof
Overfull \hbox (7.8948pt too wide) in paragraph at lines 4--4
 \T1/cmr/m/n/12 reactive en-vi-ron-ment at the same sim-u-la-tion time with dif-fer-ent timesteps. 
 []



[7]

[8]

[9]

[10]

[11])
\tf@lof=\write8
\openout8 = `ThesisMain.lof'.

 (./frontmatter/acknowledgements.tex

[12]
Underfull \hbox (badness 10000) in paragraph at lines 27--30

 []


Underfull \hbox (badness 10000) in paragraph at lines 27--30

 []

) (./frontmatter/dedications.tex

[13])

[14])
\openout2 = `chapters/1/chapter_intro.aux'.

 (./chapters/1/chapter_intro.tex
Chapter 1.
(./chapters/1/1_sec_motivation.tex

[1


]) (./chapters/1/2_sec_nucleosynthesis.tex

[2]

[3]

[4]

[5]) (./chapters/1/3_sec_massive_star.tex
<chapters/1/figures/Prialnik_Fig9.19.png, id=536, 507.8975pt x 353.32pt>
File: chapters/1/figures/Prialnik_Fig9.19.png Graphic file (type png)
<use chapters/1/figures/Prialnik_Fig9.19.png>
Package pdftex.def Info: chapters/1/figures/Prialnik_Fig9.19.png  used on input line 9.
(pdftex.def)             Requested size: 469.75502pt x 326.79971pt.


[6]

[7 <./chapters/1/figures/Prialnik_Fig9.19.png>]
<chapters/1/figures/Kippenhahn_Ritter+2018.pdf, id=569, 993.45195pt x 848.20386pt>
File: chapters/1/figures/Kippenhahn_Ritter+2018.pdf Graphic file (type pdf)
<use chapters/1/figures/Kippenhahn_Ritter+2018.pdf>
Package pdftex.def Info: chapters/1/figures/Kippenhahn_Ritter+2018.pdf  used on input line 27.
(pdftex.def)             Requested size: 469.75502pt x 401.07613pt.
) (./chapters/1/4_sec_stellar_modelling.tex

[8]

[9 <./chapters/1/figures/Kippenhahn_Ritter+2018.pdf>]

[10]

[11]

[12]

[13]

[14]
LaTeX Font Info:    Font shape `T1/cmtt/bx/n' in size <12> not available
(Font)              Font shape `T1/cmtt/m/n' tried instead on input line 201.


[15]
<chapters/1/figures/time_resolution [temp].png, id=756, 814.04124pt x 605.26125pt>
File: chapters/1/figures/time_resolution [temp].png Graphic file (type png)
<use chapters/1/figures/time_resolution [temp].png>
Package pdftex.def Info: chapters/1/figures/time_resolution [temp].png  used on input line 236.
(pdftex.def)             Requested size: 469.75502pt x 349.27853pt.
) (./chapters/1/5_sec_1d3dmodelling.tex

[16]

[17 <./chapters/1/figures/time_resolution [temp].png>]
<chapters/1/figures/Oshell_ell_MLT.pdf, id=777, 462.52798pt x 346.89601pt>
File: chapters/1/figures/Oshell_ell_MLT.pdf Graphic file (type pdf)
<use chapters/1/figures/Oshell_ell_MLT.pdf>
Package pdftex.def Info: chapters/1/figures/Oshell_ell_MLT.pdf  used on input line 27.
(pdftex.def)             Requested size: 469.75502pt x 352.33656pt.


[18]

[19 <./chapters/1/figures/Oshell_ell_MLT.pdf>]
<chapters/1/figures/Jones+17_Fig21.png, id=855, 1019.81pt x 764.8575pt>
File: chapters/1/figures/Jones+17_Fig21.png Graphic file (type png)
<use chapters/1/figures/Jones+17_Fig21.png>
Package pdftex.def Info: chapters/1/figures/Jones+17_Fig21.png  used on input line 56.
(pdftex.def)             Requested size: 469.75502pt x 352.31721pt.


[20]

[21 <./chapters/1/figures/Jones+17_Fig21.png>]

[22]))

[23]

[24]
\openout2 = `chapters/2/chapter_paper.aux'.

 (./chapters/2/chapter_paper.tex
Chapter 2.
\savedunitlength=\skip124
(./chapters/2/1_sec_paper_methods.tex
Underfull \hbox (badness 10000) in paragraph at lines 20--20
[][]$\T1/cmr/m/n/10 ,$[][]$,$[][]$,$[][]$,$[][]$,$[][]$,$[][]$,$[][]$,$[][]$,$[][]$,$[][]$,$[][]$,$[][]$,$[][]$,$[][]$,$[]\OT1/cmr/m/n/10 W$\T1/cmr/m/n/10 ,$[][]$,
 []



[25




]

[26]

[27]

[28]
<chapters/2/figures/Kippenhahn_Ritter+2018.pdf, id=1054, 993.45195pt x 848.20386pt>
File: chapters/2/figures/Kippenhahn_Ritter+2018.pdf Graphic file (type pdf)
<use chapters/2/figures/Kippenhahn_Ritter+2018.pdf>
Package pdftex.def Info: chapters/2/figures/Kippenhahn_Ritter+2018.pdf  used on input line 89.
(pdftex.def)             Requested size: 469.75502pt x 401.07613pt.


[29 <./chapters/2/figures/Kippenhahn_Ritter+2018.pdf>]
<chapters/2/figures/Dmlt_forced.pdf, id=1107, 1004.09332pt x 858.63785pt>
File: chapters/2/figures/Dmlt_forced.pdf Graphic file (type pdf)
<use chapters/2/figures/Dmlt_forced.pdf>
Package pdftex.def Info: chapters/2/figures/Dmlt_forced.pdf  used on input line 107.
(pdftex.def)             Requested size: 469.75502pt x 401.7125pt.


[30]

[31 <./chapters/2/figures/Dmlt_forced.pdf>]
<chapters/2/figures/All_Dconv.pdf, id=1190, 1004.09332pt x 858.21715pt>
File: chapters/2/figures/All_Dconv.pdf Graphic file (type pdf)
<use chapters/2/figures/All_Dconv.pdf>
Package pdftex.def Info: chapters/2/figures/All_Dconv.pdf  used on input line 134.
(pdftex.def)             Requested size: 469.75502pt x 401.51567pt.
<chapters/2/figures/Dmlt_partial_gosh.pdf, id=1199, 985.19453pt x 858.63785pt>
File: chapters/2/figures/Dmlt_partial_gosh.pdf Graphic file (type pdf)
<use chapters/2/figures/Dmlt_partial_gosh.pdf>
Package pdftex.def Info: chapters/2/figures/Dmlt_partial_gosh.pdf  used on input line 157.
(pdftex.def)             Requested size: 469.75502pt x 409.40321pt.


[32]

[33 <./chapters/2/figures/All_Dconv.pdf>]

[34 <./chapters/2/figures/Dmlt_partial_gosh.pdf>]
<chapters/2/figures/correlation_example.pdf, id=1353, 1011.78pt x 867.24pt>
File: chapters/2/figures/correlation_example.pdf Graphic file (type pdf)
<use chapters/2/figures/correlation_example.pdf>
Package pdftex.def Info: chapters/2/figures/correlation_example.pdf  used on input line 183.
(pdftex.def)             Requested size: 469.75502pt x 402.65372pt.


[35]

[36 <./chapters/2/figures/correlation_example.pdf>]
<chapters/2/figures/Se74_example.pdf, id=1436, 1011.78pt x 722.7pt>
File: chapters/2/figures/Se74_example.pdf Graphic file (type pdf)
<use chapters/2/figures/Se74_example.pdf>
Package pdftex.def Info: chapters/2/figures/Se74_example.pdf  used on input line 198.
(pdftex.def)             Requested size: 469.75502pt x 335.54475pt.
) (./chapters/2/2_sec_paper_results.tex

[37 <./chapters/2/figures/Se74_example.pdf>]
<chapters/2/figures/Temperature_Profile_with_X.pdf, id=1499, 1002.93587pt x 712.48888pt>
File: chapters/2/figures/Temperature_Profile_with_X.pdf Graphic file (type pdf)
<use chapters/2/figures/Temperature_Profile_with_X.pdf>
Package pdftex.def Info: chapters/2/figures/Temperature_Profile_with_X.pdf  used on input line 15.
(pdftex.def)             Requested size: 469.75502pt x 333.71742pt.


[38]

[39 <./chapters/2/figures/Temperature_Profile_with_X.pdf>]
<chapters/2/figures/ce136_network_m1.55551.pdf, id=1574, 1004.68759pt x 967.55453pt>
File: chapters/2/figures/ce136_network_m1.55551.pdf Graphic file (type pdf)
<use chapters/2/figures/ce136_network_m1.55551.pdf>
Package pdftex.def Info: chapters/2/figures/ce136_network_m1.55551.pdf  used on input line 29.
(pdftex.def)             Requested size: 469.75502pt x 452.40327pt.
<chapters/2/figures/ce136_network_m1.58017.pdf, id=1575, 1004.68759pt x 967.55453pt>
File: chapters/2/figures/ce136_network_m1.58017.pdf Graphic file (type pdf)
<use chapters/2/figures/ce136_network_m1.58017.pdf>
Package pdftex.def Info: chapters/2/figures/ce136_network_m1.58017.pdf  used on input line 35.
(pdftex.def)             Requested size: 469.75502pt x 452.40327pt.


[40 <./chapters/2/figures/ce136_network_m1.55551.pdf>]

[41 <./chapters/2/figures/ce136_network_m1.58017.pdf>]
<chapters/2/figures/impact_mixing_cases.pdf, id=1688, 1445.4pt x 722.7pt>
File: chapters/2/figures/impact_mixing_cases.pdf Graphic file (type pdf)
<use chapters/2/figures/impact_mixing_cases.pdf>
Package pdftex.def Info: chapters/2/figures/impact_mixing_cases.pdf  used on input line 59.
(pdftex.def)             Requested size: 469.75502pt x 234.87471pt.


[42]

[43 <./chapters/2/figures/impact_mixing_cases.pdf>]
<chapters/2/figures/ingest_MLT.pdf, id=1773, 1445.4pt x 722.7pt>
File: chapters/2/figures/ingest_MLT.pdf Graphic file (type pdf)
<use chapters/2/figures/ingest_MLT.pdf>
Package pdftex.def Info: chapters/2/figures/ingest_MLT.pdf  used on input line 88.
(pdftex.def)             Requested size: 469.75502pt x 234.87471pt.
<chapters/2/figures/ingest_3D.pdf, id=1776, 1445.4pt x 722.7pt>
File: chapters/2/figures/ingest_3D.pdf Graphic file (type pdf)
<use chapters/2/figures/ingest_3D.pdf>
Package pdftex.def Info: chapters/2/figures/ingest_3D.pdf  used on input line 94.
(pdftex.def)             Requested size: 469.75502pt x 234.87471pt.
<chapters/2/figures/ingest_3x3D.pdf, id=1779, 1445.4pt x 722.7pt>
File: chapters/2/figures/ingest_3x3D.pdf Graphic file (type pdf)
<use chapters/2/figures/ingest_3x3D.pdf>
Package pdftex.def Info: chapters/2/figures/ingest_3x3D.pdf  used on input line 100.
(pdftex.def)             Requested size: 469.75502pt x 234.87471pt.
<chapters/2/figures/ingest_10x3D.pdf, id=1782, 1445.4pt x 722.7pt>
File: chapters/2/figures/ingest_10x3D.pdf Graphic file (type pdf)
<use chapters/2/figures/ingest_10x3D.pdf>
Package pdftex.def Info: chapters/2/figures/ingest_10x3D.pdf  used on input line 106.
(pdftex.def)             Requested size: 469.75502pt x 234.87471pt.
<chapters/2/figures/ingest_50x3D.pdf, id=1785, 1445.4pt x 722.7pt>
File: chapters/2/figures/ingest_50x3D.pdf Graphic file (type pdf)
<use chapters/2/figures/ingest_50x3D.pdf>
Package pdftex.def Info: chapters/2/figures/ingest_50x3D.pdf  used on input line 112.
(pdftex.def)             Requested size: 469.75502pt x 234.87471pt.


[44]

[45 <./chapters/2/figures/ingest_MLT.pdf>]

[46 <./chapters/2/figures/ingest_3D.pdf>]

[47 <./chapters/2/figures/ingest_3x3D.pdf>]

[48 <./chapters/2/figures/ingest_10x3D.pdf>]

[49 <./chapters/2/figures/ingest_50x3D.pdf>]
<chapters/2/figures/impact_mixing_GOSH_partial.pdf, id=2183, 1445.4pt x 722.7pt>
File: chapters/2/figures/impact_mixing_GOSH_partial.pdf Graphic file (type pdf)
<use chapters/2/figures/impact_mixing_GOSH_partial.pdf>
Package pdftex.def Info: chapters/2/figures/impact_mixing_GOSH_partial.pdf  used on input line 136.
(pdftex.def)             Requested size: 469.75502pt x 234.87471pt.


[50 <./chapters/2/figures/impact_mixing_GOSH_partial.pdf>]
<chapters/2/figures/nuclearimpact_MLT.pdf, id=2264, 1413.78458pt x 713.60516pt>
File: chapters/2/figures/nuclearimpact_MLT.pdf Graphic file (type pdf)
<use chapters/2/figures/nuclearimpact_MLT.pdf>
Package pdftex.def Info: chapters/2/figures/nuclearimpact_MLT.pdf  used on input line 159.
(pdftex.def)             Requested size: 469.75502pt x 237.11284pt.
<chapters/2/figures/nuclearimpact_3D.pdf, id=2265, 1413.78458pt x 713.60516pt>
File: chapters/2/figures/nuclearimpact_3D.pdf Graphic file (type pdf)
<use chapters/2/figures/nuclearimpact_3D.pdf>
Package pdftex.def Info: chapters/2/figures/nuclearimpact_3D.pdf  used on input line 165.
(pdftex.def)             Requested size: 469.75502pt x 237.11284pt.
<chapters/2/figures/nuclearimpact_3x3D.pdf, id=2266, 1413.78458pt x 713.60516pt>
File: chapters/2/figures/nuclearimpact_3x3D.pdf Graphic file (type pdf)
<use chapters/2/figures/nuclearimpact_3x3D.pdf>
Package pdftex.def Info: chapters/2/figures/nuclearimpact_3x3D.pdf  used on input line 171.
(pdftex.def)             Requested size: 469.75502pt x 237.11284pt.
<chapters/2/figures/nuclearimpact_10x3D.pdf, id=2267, 1413.78458pt x 713.60516pt>
File: chapters/2/figures/nuclearimpact_10x3D.pdf Graphic file (type pdf)
<use chapters/2/figures/nuclearimpact_10x3D.pdf>
Package pdftex.def Info: chapters/2/figures/nuclearimpact_10x3D.pdf  used on input line 177.
(pdftex.def)             Requested size: 469.75502pt x 237.11284pt.
<chapters/2/figures/nuclearimpact_50x3D.pdf, id=2268, 1413.78458pt x 713.60516pt>
File: chapters/2/figures/nuclearimpact_50x3D.pdf Graphic file (type pdf)
<use chapters/2/figures/nuclearimpact_50x3D.pdf>
Package pdftex.def Info: chapters/2/figures/nuclearimpact_50x3D.pdf  used on input line 183.
(pdftex.def)             Requested size: 469.75502pt x 237.11284pt.


[51]

[52 <./chapters/2/figures/nuclearimpact_MLT.pdf>]

[53 <./chapters/2/figures/nuclearimpact_3D.pdf> <./chapters/2/figures/nuclearimpact_3x3D.pdf>]

[54 <./chapters/2/figures/nuclearimpact_10x3D.pdf> <./chapters/2/figures/nuclearimpact_50x3D.pdf>]

LaTeX Warning: Float too large for page by 42.75755pt on input line 260.


LaTeX Warning: Float too large for page by 43.20662pt on input line 457.


LaTeX Warning: Float too large for page by 52.74663pt on input line 534.


LaTeX Warning: Float too large for page by 5.04659pt on input line 606.

) (./chapters/2/3_sec_paper_discussion.tex

[55]

[56]

[57]

[58]

[59]

[60]

[61]

[62]
<chapters/2/figures/impact_mixing_cases_bars_all.pdf, id=2663, 1445.4pt x 722.7pt>
File: chapters/2/figures/impact_mixing_cases_bars_all.pdf Graphic file (type pdf)
<use chapters/2/figures/impact_mixing_cases_bars_all.pdf>
Package pdftex.def Info: chapters/2/figures/impact_mixing_cases_bars_all.pdf  used on input line 13.
(pdftex.def)             Requested size: 469.75502pt x 234.87471pt.


[63 <./chapters/2/figures/impact_mixing_cases_bars_all.pdf>]
<chapters/2/figures/grains_Mo92_Mo94_Mo96.pdf, id=2753, 1011.78pt x 867.24pt>
File: chapters/2/figures/grains_Mo92_Mo94_Mo96.pdf Graphic file (type pdf)
<use chapters/2/figures/grains_Mo92_Mo94_Mo96.pdf>
Package pdftex.def Info: chapters/2/figures/grains_Mo92_Mo94_Mo96.pdf  used on input line 37.
(pdftex.def)             Requested size: 469.75502pt x 402.65372pt.
<chapters/2/figures/grains_Ru96_Ru98_Ru100.pdf, id=2754, 1011.78pt x 867.24pt>
File: chapters/2/figures/grains_Ru96_Ru98_Ru100.pdf Graphic file (type pdf)
<use chapters/2/figures/grains_Ru96_Ru98_Ru100.pdf>
Package pdftex.def Info: chapters/2/figures/grains_Ru96_Ru98_Ru100.pdf  used on input line 42.
(pdftex.def)             Requested size: 469.75502pt x 402.65372pt.


[64]

[65 <./chapters/2/figures/grains_Mo92_Mo94_Mo96.pdf>]

[66 <./chapters/2/figures/grains_Ru96_Ru98_Ru100.pdf>])

[67])

[68]
\openout2 = `chapters/3/chapter_further.aux'.

 (./chapters/3/chapter_further.tex
Chapter 3.
(./chapters/3/1_sec_lightoddZ.tex) (./chapters/3/2_sec_rprocess.tex

[69




]
<chapters/3/figures/in_timescale.png, id=2922, 1104.125pt x 586.19pt>
File: chapters/3/figures/in_timescale.png Graphic file (type png)
<use chapters/3/figures/in_timescale.png>
Package pdftex.def Info: chapters/3/figures/in_timescale.png  used on input line 16.
(pdftex.def)             Requested size: 469.75502pt x 249.40025pt.
<chapters/3/figures/pairwise.png, id=2923, 893.3375pt x 577.15625pt>
File: chapters/3/figures/pairwise.png Graphic file (type png)
<use chapters/3/figures/pairwise.png>
Package pdftex.def Info: chapters/3/figures/pairwise.png  used on input line 22.
(pdftex.def)             Requested size: 469.75502pt x 303.49593pt.
<chapters/3/figures/frac_exchanging.png, id=2924, 902.37125pt x 564.1075pt>
File: chapters/3/figures/frac_exchanging.png Graphic file (type png)
<use chapters/3/figures/frac_exchanging.png>
Package pdftex.def Info: chapters/3/figures/frac_exchanging.png  used on input line 28.
(pdftex.def)             Requested size: 469.75502pt x 293.66467pt.
))

[70 <./chapters/3/figures/in_timescale.png>]

[71 <./chapters/3/figures/pairwise.png>]

[72 <./chapters/3/figures/frac_exchanging.png>]
\openout2 = `chapters/4/chapter_conclusion.aux'.

 (./chapters/4/chapter_conclusion.tex
Chapter 4.
)

[73




] (./ThesisMain.bbl

[74



]

[75]
Underfull \hbox (badness 10000) in paragraph at lines 143--146
[]\T1/cmr/m/n/12 Hynes, K. M. and Gy-n-gard, F. (2009).  The Preso-lar Grain Database:
 []



[76]

[77]

[78]

[79])

[80] (./ThesisMain.aux (./chapters/1/chapter_intro.aux) (./chapters/2/chapter_paper.aux) (./chapters/3/chapter_further.aux) (./chapters/4/chapter_conclusion.aux))
 ***********
LaTeX2e <2024-11-01> patch level 2
L3 programming layer <2025-01-18>
 ***********
Package rerunfilecheck Info: File `ThesisMain.out' has not changed.
(rerunfilecheck)             Checksum: 56278A7C29EFE3E300C6972D3DC118B1;8980.
 ) 
Here is how much of TeX's memory you used:
 20677 strings out of 473190
 357449 string characters out of 5715801
 928407 words of memory out of 5000000
 43153 multiletter control sequences out of 15000+600000
 585651 words of font info for 109 fonts, out of 8000000 for 9000
 1141 hyphenation exceptions out of 8191
 94i,12n,120p,1055b,682s stack positions out of 10000i,1000n,20000p,200000b,200000s
</usr/local/texlive/2025/texmf-dist/fonts/type1/public/amsfonts/cm/cmbx12.pfb></usr/local/texlive/2025/texmf-dist/fonts/type1/public/amsfonts/cm/cmbx6.pfb></usr/local/texlive/2025/texmf-dist/fonts/type1/public/amsfonts/cm/cmbx8.pfb></usr/local/texlive/2025/texmf-dist/fonts/type1/public/amsfonts/cm/cmex10.pfb></usr/local/texlive/2025/texmf-dist/fonts/type1/public/amsfonts/cm/cmmi12.pfb></usr/local/texlive/2025/texmf-dist/fonts/type1/public/amsfonts/cm/cmmi8.pfb></usr/local/texlive/2025/texmf-dist/fonts/type1/public/amsfonts/cm/cmr10.pfb></usr/local/texlive/2025/texmf-dist/fonts/type1/public/amsfonts/cm/cmr12.pfb></usr/local/texlive/2025/texmf-dist/fonts/type1/public/amsfonts/cm/cmr6.pfb></usr/local/texlive/2025/texmf-dist/fonts/type1/public/amsfonts/cm/cmr7.pfb></usr/local/texlive/2025/texmf-dist/fonts/type1/public/amsfonts/cm/cmr8.pfb></usr/local/texlive/2025/texmf-dist/fonts/type1/public/amsfonts/cm/cmsy10.pfb></usr/local/texlive/2025/texmf-dist/fonts/type1/public/amsfonts/cm/cmsy8.pfb></usr/local/texlive/2025/texmf-dist/fonts/type1/public/amsfonts/symbols/msam10.pfb></usr/local/texlive/2025/texmf-dist/fonts/type1/public/rsfs/rsfs10.pfb></usr/local/texlive/2025/texmf-dist/fonts/type1/public/cm-super/sfbx0800.pfb></usr/local/texlive/2025/texmf-dist/fonts/type1/public/cm-super/sfbx1200.pfb></usr/local/texlive/2025/texmf-dist/fonts/type1/public/cm-super/sfbx1440.pfb></usr/local/texlive/2025/texmf-dist/fonts/type1/public/cm-super/sfbx1728.pfb></usr/local/texlive/2025/texmf-dist/fonts/type1/public/cm-super/sfrm0700.pfb></usr/local/texlive/2025/texmf-dist/fonts/type1/public/cm-super/sfrm0800.pfb></usr/local/texlive/2025/texmf-dist/fonts/type1/public/cm-super/sfrm1000.pfb></usr/local/texlive/2025/texmf-dist/fonts/type1/public/cm-super/sfrm1200.pfb></usr/local/texlive/2025/texmf-dist/fonts/type1/public/cm-super/sfti1000.pfb></usr/local/texlive/2025/texmf-dist/fonts/type1/public/cm-super/sfti1200.pfb></usr/local/texlive/2025/texmf-dist/fonts/type1/public/cm-super/sftt1200.pfb></usr/local/texlive/2025/texmf-dist/fonts/type1/public/tipa/tipa12.pfb>
Output written on ThesisMain.pdf (94 pages, 14603122 bytes).
PDF statistics:
 3162 PDF objects out of 3580 (max. 8388607)
 1639 compressed objects within 17 object streams
 307 named destinations out of 1000 (max. 500000)
 521 words of extra memory for PDF output out of 10000 (max. 10000000)

